<?xml version="1.0" encoding="UTF-8"?>
<testng-results ignored="0" total="2" passed="2" failed="0" skipped="0">
  <reporter-output>
  </reporter-output>
  <suite started-at="2022-04-05T01:49:12 IST" name="Default suite" finished-at="2022-04-05T01:50:22 IST" duration-ms="70301">
    <groups>
    </groups>
    <test started-at="2022-04-05T01:49:12 IST" name="Default test" finished-at="2022-04-05T01:50:22 IST" duration-ms="70301">
      <class name="Tests.Test_Order_And_Payment">
        <test-method is-config="true" signature="setup()[pri:0, instance:Tests.Test_Order_And_Payment@6392827e]" started-at="2022-04-05T01:49:12 IST" name="setup" finished-at="2022-04-05T01:49:22 IST" duration-ms="10710" status="PASS">
          <reporter-output>
          </reporter-output>
        </test-method> <!-- setup -->
        <test-method signature="Order_and_Payment_without_login()[pri:0, instance:Tests.Test_Order_And_Payment@6392827e]" started-at="2022-04-05T01:49:23 IST" name="Order_and_Payment_without_login" finished-at="2022-04-05T01:49:50 IST" duration-ms="27790" status="PASS">
          <reporter-output>
          </reporter-output>
        </test-method> <!-- Order_and_Payment_without_login -->
        <test-method signature="Order_and_Payment_with_login()[pri:1, instance:Tests.Test_Order_And_Payment@6392827e]" started-at="2022-04-05T01:49:50 IST" name="Order_and_Payment_with_login" finished-at="2022-04-05T01:50:21 IST" duration-ms="30884" status="PASS">
          <reporter-output>
          </reporter-output>
        </test-method> <!-- Order_and_Payment_with_login -->
        <test-method is-config="true" signature="teardown()[pri:0, instance:Tests.Test_Order_And_Payment@6392827e]" started-at="2022-04-05T01:50:21 IST" name="teardown" finished-at="2022-04-05T01:50:22 IST" duration-ms="819" status="PASS">
          <reporter-output>
          </reporter-output>
        </test-method> <!-- teardown -->
      </class> <!-- Tests.Test_Order_And_Payment -->
    </test> <!-- Default test -->
  </suite> <!-- Default suite -->
</testng-results>
